<?xml version="1.0" encoding="utf-8"?><testsuites name="pytest tests"><testsuite name="pytest" errors="0" failures="0" skipped="0" tests="3" time="0.534" timestamp="2026-03-31T11:59:30.516056+00:00" hostname="agent-env-d7decec4-88f8-408f-9408-55a60fbb36b4"><testcase classname="backend.tests.test_health.TestHealthEndpoint" name="test_health_endpoint_returns_200" time="0.162" /><testcase classname="backend.tests.test_health.TestHealthEndpoint" name="test_health_endpoint_returns_ok_status" time="0.117" /><testcase classname="backend.tests.test_health.TestHealthEndpoint" name="test_health_endpoint_returns_message" time="0.094" /></testsuite></testsuites>